        -:    0:Source:src/bignum_div_bignum.c
        -:    0:Graph:build/bignum_div_bignum.gcno
        -:    0:Data:build/bignum_div_bignum.gcda
        -:    0:Runs:5
        -:    1:/**
        -:    2: * @file    bignum_div_bignum.c
        -:    3: * @brief   Эталонная реализация деления больших чисел (Knuth Algorithm D).
        -:    4: * @details Выполняет пословное деление по основанию 2^64.
        -:    5: */
        -:    6:
        -:    7:#include "bignum_div_bignum.h"
        -:    8:#include <string.h>
        -:    9:#include <stdbool.h>
        -:   10:
        -:   11:/* Вспомогательная функция для проверки перекрытия буферов в памяти */
        -:   12:static inline bool check_overlap(const void *a, const void *b, size_t size) {
        -:   13:    const char *p1 = (const char *)a;
        -:   14:    const char *p2 = (const char *)b;
   146146:   15:    return (p1 < p2 + size) && (p2 < p1 + size);
branch  0 taken 2 (fallthrough)
branch  1 taken 146144
branch  2 taken 1 (fallthrough)
branch  3 taken 1
branch  4 taken 2 (fallthrough)
branch  5 taken 146143
branch  6 taken 1 (fallthrough)
branch  7 taken 1
branch  8 taken 2 (fallthrough)
branch  9 taken 146142
branch 10 taken 1 (fallthrough)
branch 11 taken 1
branch 12 taken 2 (fallthrough)
branch 13 taken 146141
branch 14 taken 1 (fallthrough)
branch 15 taken 1
branch 16 taken 155180 (fallthrough)
branch 17 taken -9038
branch 18 taken 155184 (fallthrough)
branch 19 taken -4
        -:   16:}
        -:   17:
        -:   18:/* Вспомогательная функция для подсчета ведущих нулей в 64-битном слове */
        -:   19:static inline int count_leading_zeros(uint64_t x) {
        3:   20:    if (x == 0) return 64;
        3:   21:    return __builtin_clzll(x);
        -:   22:}
        -:   23:
        -:   24:/* Нормализация: вычисление реальной длины числа (без ведущих нулей) */
        -:   25:static inline size_t get_real_len(const bignum_t *b) {
        -:   26:    size_t len = b->len;
   146146:   27:    while (len > 0 && b->words[len - 1] == 0) {
branch  0 taken 154909 (fallthrough)
branch  1 taken -9734
branch  2 taken -971
branch  3 taken 155880 (fallthrough)
branch  4 taken 149717 (fallthrough)
branch  5 taken -3624
branch  6 taken -53
branch  7 taken 149770 (fallthrough)
        -:   28:        len--;
        -:   29:    }
        -:   30:    return len;
        -:   31:}
        -:   32:
function bignum_div_bignum called 146158 returned 100% blocks executed 89%
   146158:   33:bignum_div_bignum_status_t bignum_div_bignum(const bignum_t *dividend,
        -:   34:                                             const bignum_t *divisor,
        -:   35:                                             bignum_t *quotient,
        -:   36:                                             bignum_t *remainder) {
        -:   37:    /* 1. Проверка на NULL */
   146158:   38:    if (!dividend || !divisor || !quotient || !remainder) {
branch  0 taken 146154 (fallthrough)
branch  1 taken 4
branch  2 taken 146150 (fallthrough)
branch  3 taken 4
        -:   39:        return BIGNUM_DIV_BIGNUM_ERR_NULL_PTR;
        -:   40:    }
        -:   41:
        -:   42:    /* 2. Проверка длины (не больше BIGNUM_CAPACITY) */
   146150:   43:    if (dividend->len > BIGNUM_CAPACITY || divisor->len > BIGNUM_CAPACITY) {
branch  0 taken 146148 (fallthrough)
branch  1 taken 2
branch  2 taken 146146 (fallthrough)
branch  3 taken 2
        -:   44:        return BIGNUM_DIV_BIGNUM_ERR_BAD_LENGTH;
        -:   45:    }
        -:   46:
        -:   47:    /* 3. Проверка перекрытия буферов (Memory Guard) */
        -:   48:    size_t bn_size = sizeof(bignum_t);
        -:   49:    if (check_overlap(quotient, dividend, bn_size) ||
        -:   50:        check_overlap(quotient, divisor, bn_size) ||
        -:   51:        check_overlap(remainder, dividend, bn_size) ||
        -:   52:        check_overlap(remainder, divisor, bn_size) ||
        -:   53:        check_overlap(quotient, remainder, bn_size)) {
        -:   54:        return BIGNUM_DIV_BIGNUM_ERR_BUFFER_OVERLAP;
        -:   55:    }
        -:   56:
        -:   57:    /* 4. Определение реальных длин (игнорируя ведущие нули) */
        -:   58:    size_t m = get_real_len(dividend);
        -:   59:    size_t n = get_real_len(divisor);
        -:   60:
        -:   61:    /* 5. Проверка деления на ноль */
   146146:   62:    if (n == 0) {
branch  0 taken 146145 (fallthrough)
branch  1 taken 1
        -:   63:        return BIGNUM_DIV_BIGNUM_ERR_DIVISION_BY_ZERO;
        -:   64:    }
        -:   65:
        -:   66:    /* Инициализация результатов нулями */
        -:   67:    memset(quotient, 0, sizeof(bignum_t));
        -:   68:    memset(remainder, 0, sizeof(bignum_t));
        -:   69:
        -:   70:    /* 6. Если делимое меньше делителя: Q = 0, R = dividend */
        -:   71:    bool is_less = false;
   146145:   72:    if (m < n) {
branch  0 taken 146142 (fallthrough)
branch  1 taken 3
        -:   73:        is_less = true;
   146142:   74:    } else if (m == n) {
branch  0 taken 149690 (fallthrough)
branch  1 taken -3548
  149690*:   75:        for (int i = m - 1; i >= 0; i--) {
branch  0 taken 149690
branch  1 taken 0 (fallthrough)
   149690:   76:            if (dividend->words[i] < divisor->words[i]) {
branch  0 taken 149689 (fallthrough)
branch  1 taken 1
        -:   77:                is_less = true;
        -:   78:                break;
   149689:   79:            } else if (dividend->words[i] > divisor->words[i]) {
branch  0 taken 0 (fallthrough)
branch  1 taken 149689
        -:   80:                break;
        -:   81:            }
        -:   82:        }
        -:   83:    }
        -:   84:
   149690:   85:    if (is_less) {
branch  0 taken 1 (fallthrough)
branch  1 taken 149689
        4:   86:        memcpy(remainder->words, dividend->words, m * sizeof(uint64_t));
        4:   87:        remainder->len = m;
        4:   88:        return BIGNUM_DIV_BIGNUM_OK;
        -:   89:    }
        -:   90:
        -:   91:    /* 7. Быстрый путь: делитель состоит из 1 слова */
   146141:   92:    if (n == 1) {
branch  0 taken 146138 (fallthrough)
branch  1 taken 3
   146138:   93:        uint64_t div_word = divisor->words[0];
        -:   94:        uint64_t rem_word = 0;
        -:   95:        
   290889:   96:        for (int i = m - 1; i >= 0; i--) {
branch  0 taken 144751
branch  1 taken 146138 (fallthrough)
   144751:   97:            __extension__ unsigned __int128 num = ((unsigned __int128)rem_word << 64) | dividend->words[i];
   144751:   98:            quotient->words[i] = (uint64_t)(num / div_word);
   144751:   99:            rem_word = (uint64_t)(num % div_word);
        -:  100:        }
        -:  101:        
   146138:  102:        remainder->words[0] = rem_word;
   146138:  103:        remainder->len = (rem_word > 0) ? 1 : 0;
        -:  104:        
        -:  105:        size_t q_len = m;
   146138:  106:        while (q_len > 0 && quotient->words[q_len - 1] == 0) q_len--;
branch  0 taken 146141 (fallthrough)
branch  1 taken -14
branch  2 taken -11
branch  3 taken 146152 (fallthrough)
   146138:  107:        quotient->len = q_len;
        -:  108:        
   146138:  109:        return BIGNUM_DIV_BIGNUM_OK;
        -:  110:    }
        -:  111:
        -:  112:    /* 8. Алгоритм Кнута D для многословного делителя */
        -:  113:    
        -:  114:    /* Массивы для нормализованных чисел. 
        -:  115:       u (делимое) требует m + 1 слов для обработки переполнения старшего бита. */
        3:  116:    uint64_t u[BIGNUM_CAPACITY + 1] = {0};
        3:  117:    uint64_t v[BIGNUM_CAPACITY] = {0};
        3:  118:    uint64_t q[BIGNUM_CAPACITY] = {0};
        -:  119:
        -:  120:    /* Шаг D1: Нормализация. Сдвигаем влево, чтобы старший бит V[n-1] стал 1 */
        3:  121:    int shift = count_leading_zeros(divisor->words[n - 1]);
branch  0 taken 3 (fallthrough)
branch  1 taken 0
        -:  122:    
        3:  123:    if (shift > 0) {
branch  0 taken 2 (fallthrough)
branch  1 taken 1
        -:  124:        /* Сдвиг делителя */
       10:  125:        for (size_t i = n - 1; i > 0; i--) {
branch  0 taken 8
branch  1 taken 2 (fallthrough)
        8:  126:            v[i] = (divisor->words[i] << shift) | (divisor->words[i - 1] >> (64 - shift));
        -:  127:        }
        2:  128:        v[0] = divisor->words[0] << shift;
        -:  129:
        -:  130:        /* Сдвиг делимого */
        -:  131:        uint64_t carry = 0;
       13:  132:        for (size_t i = 0; i < m; i++) {
branch  0 taken 11
branch  1 taken 2 (fallthrough)
       11:  133:            u[i] = (dividend->words[i] << shift) | carry;
       11:  134:            carry = dividend->words[i] >> (64 - shift);
        -:  135:        }
        2:  136:        u[m] = carry; /* Дополнительное слово для переполнения */
        -:  137:    } else {
        1:  138:        memcpy(v, divisor->words, n * sizeof(uint64_t));
        1:  139:        memcpy(u, dividend->words, m * sizeof(uint64_t));
        1:  140:        u[m] = 0;
        -:  141:    }
        -:  142:
        -:  143:    /* Шаг D2-D7: Основной цикл деления */
        7:  144:    for (int j = m - n; j >= 0; j--) {
branch  0 taken 4
branch  1 taken 3 (fallthrough)
        -:  145:        /* Шаг D3: Вычисление пробного частного q_hat */
        4:  146:        __extension__ unsigned __int128 u_top = ((unsigned __int128)u[j + n] << 64) | u[j + n - 1];
        4:  147:        uint64_t v_top = v[n - 1];
        -:  148:        uint64_t q_hat;
        -:  149:        uint64_t r_hat;
        -:  150:
        4:  151:        if (u[j + n] == v_top) {
branch  0 taken 0 (fallthrough)
branch  1 taken 4
        -:  152:            q_hat = UINT64_MAX;
    #####:  153:            r_hat = u[j + n - 1] + v_top;
        -:  154:            /* Если r_hat переполнился, q_hat корректировать не нужно */
    #####:  155:            if (r_hat < v_top) goto multiply_subtract; 
branch  0 never executed (fallthrough)
branch  1 never executed
        -:  156:        } else {
        4:  157:            q_hat = (uint64_t)(u_top / v_top);
        4:  158:            r_hat = (uint64_t)(u_top % v_top);
        -:  159:        }
        -:  160:
        -:  161:        /* Корректировка q_hat */
        -:  162:        while (1) {
        4:  163:            __extension__ unsigned __int128 p = (unsigned __int128)q_hat * v[n - 2];
        4:  164:            __extension__ unsigned __int128 r_cmp = ((unsigned __int128)r_hat << 64) | u[j + n - 2];
        4:  165:            if (p <= r_cmp) break;
branch  0 taken 4 (fallthrough)
branch  1 taken 0
        -:  166:            
    #####:  167:            q_hat--;
    #####:  168:            r_hat += v_top;
    #####:  169:            if (r_hat < v_top) break; /* Переполнение r_hat означает, что r_cmp > p */
branch  0 never executed
branch  1 never executed (fallthrough)
        -:  170:        }
        -:  171:
       4*:  172:    multiply_subtract: ;
        -:  173:        /* Шаг D4: Умножение и вычитание (U[j..j+n] -= q_hat * V) */
        -:  174:        uint64_t borrow = 0;
       48:  175:        for (size_t i = 0; i < n; i++) {
branch  0 taken 44
branch  1 taken 4 (fallthrough)
       44:  176:            __extension__ unsigned __int128 p = (unsigned __int128)q_hat * v[i];
       44:  177:            uint64_t p_low = (uint64_t)p;
       44:  178:            uint64_t p_high = (uint64_t)(p >> 64);
        -:  179:
       44:  180:            uint64_t sub1 = u[j + i] - borrow;
       44:  181:            uint64_t b1 = (u[j + i] < borrow) ? 1 : 0;
        -:  182:
       44:  183:            uint64_t sub2 = sub1 - p_low;
       44:  184:            uint64_t b2 = (sub1 < p_low) ? 1 : 0;
        -:  185:
       44:  186:            u[j + i] = sub2;
       44:  187:            borrow = p_high + b1 + b2;
        -:  188:        }
        -:  189:        
        4:  190:        uint64_t sub_top = u[j + n] - borrow;
        -:  191:        uint64_t b_top = (u[j + n] < borrow) ? 1 : 0;
        4:  192:        u[j + n] = sub_top;
        -:  193:
        -:  194:        /* Шаг D5: Проверка остатка. Шаг D6: Компенсация (Add Back) */
        4:  195:        if (b_top) {
branch  0 taken 0 (fallthrough)
branch  1 taken 4
    #####:  196:            q_hat--;
        -:  197:            uint64_t carry2 = 0;
    #####:  198:            for (size_t i = 0; i < n; i++) {
branch  0 never executed
branch  1 never executed (fallthrough)
    #####:  199:                __extension__ unsigned __int128 sum = (unsigned __int128)u[j + i] + v[i] + carry2;
    #####:  200:                u[j + i] = (uint64_t)sum;
    #####:  201:                carry2 = (uint64_t)(sum >> 64);
        -:  202:            }
    #####:  203:            u[j + n] += carry2;
        -:  204:        }
        -:  205:
        4:  206:        q[j] = q_hat;
        -:  207:    }
        -:  208:
        -:  209:    /* Шаг D8: Денормализация остатка (сдвиг вправо на shift) */
        3:  210:    if (shift > 0) {
branch  0 taken 2
branch  1 taken 1
       10:  211:        for (size_t i = 0; i < n - 1; i++) {
branch  0 taken 8
branch  1 taken 2 (fallthrough)
        8:  212:            remainder->words[i] = (u[i] >> shift) | (u[i + 1] << (64 - shift));
        -:  213:        }
        2:  214:        remainder->words[n - 1] = u[n - 1] >> shift;
        -:  215:    } else {
        1:  216:        memcpy(remainder->words, u, n * sizeof(uint64_t));
        -:  217:    }
        -:  218:
        -:  219:    /* Копируем частное */
        3:  220:    memcpy(quotient->words, q, (m - n + 1) * sizeof(uint64_t));
        -:  221:
        -:  222:    /* Устанавливаем корректные длины (убираем ведущие нули) */
        -:  223:    size_t q_len = m - n + 1;
        3:  224:    while (q_len > 0 && quotient->words[q_len - 1] == 0) {
branch  0 taken 3 (fallthrough)
branch  1 taken 0
branch  2 taken 0
branch  3 taken 3 (fallthrough)
        -:  225:        q_len--;
        -:  226:    }
        3:  227:    quotient->len = q_len;
        -:  228:
        -:  229:    size_t r_len = n;
        5:  230:    while (r_len > 0 && remainder->words[r_len - 1] == 0) {
branch  0 taken 5 (fallthrough)
branch  1 taken 0
branch  2 taken 2
branch  3 taken 3 (fallthrough)
        -:  231:        r_len--;
        -:  232:    }
        3:  233:    remainder->len = r_len;
        -:  234:
        3:  235:    return BIGNUM_DIV_BIGNUM_OK;
        -:  236:}
